<?xml version="1.0" encoding="UTF-8" ?>
<testsuite tests="0" failures="0" name="panel.autoSelenium.AppTest" time="0" errors="0" skipped="0">
  <properties>
    <property name="java.runtime.name" value="OpenJDK Runtime Environment"/>
    <property name="java.vm.version" value="17.0.4+8"/>
    <property name="sun.boot.library.path" value="C:\Users\ismael.mateos\.sdkman\candidates\java\17.0.4-tem\bin"/>
    <property name="maven.multiModuleProjectDirectory" value="D:\workshop\selenium\autoSelenium"/>
    <property name="java.vm.vendor" value="Eclipse Adoptium"/>
    <property name="java.vendor.url" value="https://adoptium.net/"/>
    <property name="guice.disable.misplaced.annotation.check" value="true"/>
    <property name="path.separator" value=";"/>
    <property name="java.vm.name" value="OpenJDK 64-Bit Server VM"/>
    <property name="sun.os.patch.level" value=""/>
    <property name="user.script" value=""/>
    <property name="user.country" value="ES"/>
    <property name="sun.java.launcher" value="SUN_STANDARD"/>
    <property name="java.vm.specification.name" value="Java Virtual Machine Specification"/>
    <property name="user.dir" value="D:\workshop\selenium\autoSelenium"/>
    <property name="java.vm.compressedOopsMode" value="Zero based"/>
    <property name="java.runtime.version" value="17.0.4+8"/>
    <property name="os.arch" value="amd64"/>
    <property name="java.io.tmpdir" value="c:\temp\"/>
    <property name="line.separator" value="
"/>
    <property name="java.vm.specification.vendor" value="Oracle Corporation"/>
    <property name="user.variant" value=""/>
    <property name="os.name" value="Windows 10"/>
    <property name="classworlds.conf" value="C:\Users\ismael.mateos\.sdkman\candidates\maven\current\bin\..\bin\m2.conf"/>
    <property name="sun.jnu.encoding" value="Cp1252"/>
    <property name="java.library.path" value="C:\Users\ismael.mateos\.sdkman\candidates\java\17.0.4-tem\bin;C:\WINDOWS\Sun\Java\bin;C:\WINDOWS\system32;C:\WINDOWS;c:\Program Files (x86)\Intel\iCLS Client\;c:\Program Files\Intel\iCLS Client\;C:\WINDOWS\system32;C:\WINDOWS;C:\WINDOWS\System32\Wbem;C:\WINDOWS\System32\WindowsPowerShell\v1.0\;C:\Program Files (x86)\Intel\Intel(R) Management Engine Components\DAL;C:\Program Files\Intel\Intel(R) Management Engine Components\DAL;C:\Program Files (x86)\Intel\Intel(R) Management Engine Components\IPT;C:\Program Files\Intel\Intel(R) Management Engine Components\IPT;C:\Users\ismael.mateos\.sdkman\candidates\maven\current\bin;C:\Users\ismael.mateos\.sdkman\candidates\java\17.0.4-tem\bin;C:\WINDOWS\System32\OpenSSH\;C:\Program Files\Intel\WiFi\bin\;C:\Program Files\Common Files\Intel\WirelessCommon\;C:\ProgramData\chocolatey\bin;C:\Users\ismael.mateos\AppData\Local\Android\Sdk\tools;C:\Users\ismael.mateos\AppData\Local\Android\Sdk\platform-tools;C:\Users\ismael.mateos\AppData\Local\Android\Sdk\tools\bin;C:\Users\ismael.mateos\AppData\Roaming\npm;C:\Program Files\Git\cmd;C:\Program Files\Docker\Docker\resources\bin;C:\ProgramData\DockerDesktop\version-bin;C:\Program Files\nodejs\;C:\Users\ismael.mateos\AppData\Local\Microsoft\WindowsApps;C:\Program Files\Intel\WiFi\bin\;C:\Program Files\Common Files\Intel\WirelessCommon\;C:\Users\ismael.mateos\AppData\Local\Programs\Microsoft VS Code\bin;;C:\Users\ismael.mateos\AppData\Local\Programs\Fiddler;C:\Users\ismael.mateos\AppData\Local\JetBrains\Toolbox\scripts;C:\Users\ismael.mateos\AppData\Roaming\npm;."/>
    <property name="maven.conf" value="C:\Users\ismael.mateos\.sdkman\candidates\maven\current\bin\../conf"/>
    <property name="jdk.debug" value="release"/>
    <property name="java.class.version" value="61.0"/>
    <property name="java.specification.name" value="Java Platform API Specification"/>
    <property name="sun.management.compiler" value="HotSpot 64-Bit Tiered Compilers"/>
    <property name="os.version" value="10.0"/>
    <property name="library.jansi.path" value="C:\Users\ismael.mateos\.sdkman\candidates\maven\current\bin\..\lib\jansi-native"/>
    <property name="user.home" value="C:\Users\ismael.mateos"/>
    <property name="user.timezone" value="Europe/Madrid"/>
    <property name="file.encoding" value="Cp1252"/>
    <property name="java.specification.version" value="17"/>
    <property name="user.name" value="ismael.mateos"/>
    <property name="java.class.path" value="C:\Users\ismael.mateos\.sdkman\candidates\maven\current\bin\..\boot\plexus-classworlds-2.6.0.jar"/>
    <property name="java.vm.specification.version" value="17"/>
    <property name="sun.arch.data.model" value="64"/>
    <property name="sun.java.command" value="org.codehaus.plexus.classworlds.launcher.Launcher clean install"/>
    <property name="java.home" value="C:\Users\ismael.mateos\.sdkman\candidates\java\17.0.4-tem"/>
    <property name="user.language" value="es"/>
    <property name="java.specification.vendor" value="Oracle Corporation"/>
    <property name="java.vm.info" value="mixed mode, sharing"/>
    <property name="java.version" value="17.0.4"/>
    <property name="native.encoding" value="Cp1252"/>
    <property name="java.vendor" value="Eclipse Adoptium"/>
    <property name="sun.stderr.encoding" value="cp850"/>
    <property name="maven.home" value="C:\Users\ismael.mateos\.sdkman\candidates\maven\current\bin\.."/>
    <property name="file.separator" value="\"/>
    <property name="java.version.date" value="2022-07-19"/>
    <property name="java.vendor.url.bug" value="https://github.com/adoptium/adoptium-support/issues"/>
    <property name="sun.io.unicode.encoding" value="UnicodeLittle"/>
    <property name="sun.cpu.endian" value="little"/>
    <property name="java.vendor.version" value="Temurin-17.0.4+8"/>
    <property name="sun.stdout.encoding" value="cp850"/>
    <property name="sun.cpu.isalist" value="amd64"/>
  </properties>
</testsuite>